2019-05-12 12:41:35,502 - Log4JLogChute initialized using file 'velocity.log'
2019-05-12 12:41:35,503 - Starting Apache Velocity v1.6.3 (compiled: 2009-12-07 15:40:14)
2019-05-12 12:41:35,503 - Default Properties File: org\apache\velocity\runtime\defaults\velocity.properties
2019-05-12 12:41:35,503 - Trying to use logger class org.apache.velocity.runtime.log.AvalonLogChute
2019-05-12 12:41:35,503 - Target log system for org.apache.velocity.runtime.log.AvalonLogChute is not available (java.lang.NoClassDefFoundError: org/apache/log/format/Formatter).  Falling back to next log system...
2019-05-12 12:41:35,503 - Trying to use logger class org.apache.velocity.runtime.log.Log4JLogChute
2019-05-12 12:41:35,503 - Using logger class org.apache.velocity.runtime.log.Log4JLogChute
2019-05-12 12:41:35,510 - ResourceLoader instantiated: org.apache.velocity.runtime.resource.loader.ClasspathResourceLoader
2019-05-12 12:41:35,526 - ResourceCache: initialized (class org.apache.velocity.runtime.resource.ResourceCacheImpl) with class java.util.Collections$SynchronizedMap cache map.
2019-05-12 12:41:35,527 - Loaded System Directive: org.apache.velocity.runtime.directive.Define
2019-05-12 12:41:35,528 - Loaded System Directive: org.apache.velocity.runtime.directive.Break
2019-05-12 12:41:35,530 - Loaded System Directive: org.apache.velocity.runtime.directive.Evaluate
2019-05-12 12:41:35,531 - Loaded System Directive: org.apache.velocity.runtime.directive.Literal
2019-05-12 12:41:35,532 - Loaded System Directive: org.apache.velocity.runtime.directive.Macro
2019-05-12 12:41:35,534 - Loaded System Directive: org.apache.velocity.runtime.directive.Parse
2019-05-12 12:41:35,535 - Loaded System Directive: org.apache.velocity.runtime.directive.Include
2019-05-12 12:41:35,536 - Loaded System Directive: org.apache.velocity.runtime.directive.Foreach
2019-05-12 12:41:35,567 - Created '20' parsers.
2019-05-12 12:41:35,586 - Velocimacro : "velocimacro.library" is not set.  Trying default library: VM_global_library.vm
2019-05-12 12:41:35,589 - Could not load resource 'VM_global_library.vm' from ResourceLoader org.apache.velocity.runtime.resource.loader.ClasspathResourceLoader: 
org.apache.velocity.exception.ResourceNotFoundException: ClasspathResourceLoader Error: cannot find resource VM_global_library.vm
	at org.apache.velocity.runtime.resource.loader.ClasspathResourceLoader.getResourceStream(ClasspathResourceLoader.java:131)
	at org.apache.velocity.runtime.resource.loader.ResourceLoader.resourceExists(ResourceLoader.java:224)
	at org.apache.velocity.runtime.resource.ResourceManagerImpl.getLoaderForResource(ResourceManagerImpl.java:641)
	at org.apache.velocity.runtime.resource.ResourceManagerImpl.getLoaderNameForResource(ResourceManagerImpl.java:624)
	at org.apache.velocity.runtime.RuntimeInstance.getLoaderNameForResource(RuntimeInstance.java:1464)
	at org.apache.velocity.runtime.VelocimacroFactory.initVelocimacro(VelocimacroFactory.java:159)
	at org.apache.velocity.runtime.RuntimeInstance.init(RuntimeInstance.java:261)
	at org.apache.velocity.runtime.RuntimeSingleton.init(RuntimeSingleton.java:114)
	at org.apache.velocity.app.Velocity.init(Velocity.java:79)
	at com.legstar.codegen.CodeGenUtil.initVelocity(CodeGenUtil.java:306)
	at com.legstar.coxb.gen.CoxbGenWriter.<init>(CoxbGenWriter.java:97)
	at com.legstar.coxb.gen.CoxbGenReflectVisitor.<init>(CoxbGenReflectVisitor.java:79)
	at com.legstar.coxb.gen.CoxbBindingGenerator.execute(CoxbBindingGenerator.java:109)
	at org.apache.tools.ant.UnknownElement.execute(UnknownElement.java:292)
	at sun.reflect.NativeMethodAccessorImpl.invoke0(Native Method)
	at sun.reflect.NativeMethodAccessorImpl.invoke(NativeMethodAccessorImpl.java:62)
	at sun.reflect.DelegatingMethodAccessorImpl.invoke(DelegatingMethodAccessorImpl.java:43)
	at java.lang.reflect.Method.invoke(Method.java:498)
	at org.apache.tools.ant.dispatch.DispatchUtils.execute(DispatchUtils.java:99)
	at org.apache.tools.ant.Task.perform(Task.java:350)
	at org.apache.tools.ant.Target.execute(Target.java:449)
	at org.apache.tools.ant.Target.performTasks(Target.java:470)
	at org.apache.tools.ant.Project.executeSortedTargets(Project.java:1388)
	at org.apache.tools.ant.Project.executeTarget(Project.java:1361)
	at org.apache.tools.ant.helper.DefaultExecutor.executeTargets(DefaultExecutor.java:41)
	at org.apache.tools.ant.Project.executeTargets(Project.java:1251)
	at org.apache.tools.ant.Main.runBuild(Main.java:834)
	at org.apache.tools.ant.Main.startAnt(Main.java:223)
	at org.apache.tools.ant.launch.Launcher.run(Launcher.java:284)
	at org.apache.tools.ant.launch.Launcher.main(Launcher.java:101)
2019-05-12 12:41:35,590 - Velocimacro : Default library not found.
2019-05-12 12:41:35,590 - Velocimacro : allowInline = true : VMs can be defined inline in templates
2019-05-12 12:41:35,590 - Velocimacro : allowInlineToOverride = false : VMs defined inline may NOT replace previous VM definitions
2019-05-12 12:41:35,591 - Velocimacro : allowInlineLocal = false : VMs defined inline will be global in scope if allowed.
2019-05-12 12:41:35,591 - Velocimacro : autoload off : VM system will not automatically reload global library macros
2019-05-12 12:41:35,678 - ResourceManager : found vlc/coxb-bind-complex.vm with loader org.apache.velocity.runtime.resource.loader.ClasspathResourceLoader
2019-05-12 12:41:35,692 - ResourceManager : found vlc/coxb-bind-common-imports.vm with loader org.apache.velocity.runtime.resource.loader.ClasspathResourceLoader
2019-05-12 12:41:35,778 - ResourceManager : found vlc/coxb-bind-init-children.vm with loader org.apache.velocity.runtime.resource.loader.ClasspathResourceLoader
2019-05-12 12:41:35,806 - ResourceManager : found vlc/coxb-bind-host-to-java-transformer.vm with loader org.apache.velocity.runtime.resource.loader.ClasspathResourceLoader
2019-05-12 12:41:35,810 - ResourceManager : found vlc/coxb-bind-java-to-host-transformer.vm with loader org.apache.velocity.runtime.resource.loader.ClasspathResourceLoader
2019-05-12 12:41:35,814 - ResourceManager : found vlc/coxb-bind-transformers.vm with loader org.apache.velocity.runtime.resource.loader.ClasspathResourceLoader
2019-05-12 12:41:35,818 - ResourceManager : found vlc/coxb-bind-host-to-xml-transformer.vm with loader org.apache.velocity.runtime.resource.loader.ClasspathResourceLoader
2019-05-12 12:41:35,825 - ResourceManager : found vlc/coxb-bind-xml-to-host-transformer.vm with loader org.apache.velocity.runtime.resource.loader.ClasspathResourceLoader
2019-05-12 12:41:35,829 - ResourceManager : found vlc/coxb-bind-xml-transformers.vm with loader org.apache.velocity.runtime.resource.loader.ClasspathResourceLoader
